<?xml version="1.0" encoding="UTF-8"?>
<!-- Generated by org.testng.reporters.JUnitReportReporter -->
<testsuite hostname="NODE319" name="com.sharepoint.TestNGtest.Parameter" tests="3" failures="0" timestamp="14 Nov 2014 07:40:11 GMT" time="18.707" errors="0">
  <testcase name="done" time="4.291" classname="com.sharepoint.TestNGtest.Parameter"/>
  <testcase name="done" time="10.044" classname="com.sharepoint.TestNGtest.Parameter"/>
  <testcase name="done" time="4.372" classname="com.sharepoint.TestNGtest.Parameter"/>
</testsuite> <!-- com.sharepoint.TestNGtest.Parameter -->
