<?xml version="1.0" encoding="UTF-8"?>
<!-- Generated by org.testng.reporters.JUnitReportReporter -->
<testsuite hostname="NODE319" name="com.sharepoint.TestNGtest.Parameter" tests="2" failures="0" timestamp="14 Nov 2014 09:50:39 GMT" time="7.524" errors="0">
  <testcase name="done" time="3.261" classname="com.sharepoint.TestNGtest.Parameter"/>
  <testcase name="done" time="4.263" classname="com.sharepoint.TestNGtest.Parameter"/>
</testsuite> <!-- com.sharepoint.TestNGtest.Parameter -->
