<?xml version="1.0" encoding="UTF-8"?>
<!-- Generated by org.testng.reporters.JUnitReportReporter -->
<testsuite hostname="NODE319" name="com.sharepoint.TestNGtest.SampleDataProvider" tests="3" failures="0" timestamp="14 Nov 2014 07:37:39 GMT" time="0.010" errors="0">
  <testcase name="sampleTest" time="0.000" classname="com.sharepoint.TestNGtest.SampleDataProvider"/>
  <testcase name="sampleTest" time="0.010" classname="com.sharepoint.TestNGtest.SampleDataProvider"/>
  <testcase name="sampleTest" time="0.000" classname="com.sharepoint.TestNGtest.SampleDataProvider"/>
</testsuite> <!-- com.sharepoint.TestNGtest.SampleDataProvider -->
